[17-Jun-2025 16:20:14 Europe/Berlin] PHP Warning:  Undefined variable $updateTime in C:\xampp\htdocs\callingboxproject\ti.php on line 26
[17-Jun-2025 16:20:14 Europe/Berlin] 
        update calling
        set status='Em progresso'
        ,updateTime=''
        where idCalling=3
[17-Jun-2025 16:22:58 Europe/Berlin] 
        update calling
        set status='Finalizado'
        ,doneTime='2025-06-17 16:22:58'
        where idCalling=3
[17-Jun-2025 11:34:00 America/Sao_Paulo] 
        update calling
        set status='Em progresso'
        ,updateTime='2025-06-17 11:34:00'
        where idCalling=4
[17-Jun-2025 10:35:05 America/Manaus] 
        update calling
        set status='Finalizado'
        ,doneTime='2025-06-17 10:35:05'
        where idCalling=4
